<?xml version="1.0" encoding="UTF-8"?>
<testsuites>
  <testsuite id="0" name="/media/vindaloo/Stuff/workspace/projects/argstostring/index.spec.js" errors="0" package="/media/vindaloo/Stuff/workspace/projects/argstostring/index.spec.js" hostname="localhost" tests="11" failures="0" time="0.688" timestamp="2017-10-22T12:14:51">
    <properties>
    </properties>
    <testcase classname="argstostring" name="should return empty string if no arguments provided" time="0">
    </testcase>
    <testcase classname="argstostring" name="should return unaffected string if no variables provided" time="0">
    </testcase>
    <testcase classname="argstostring" name="should concat string variables into provided string" time="0">
    </testcase>
    <testcase classname="argstostring" name="should stringify an object" time="0">
    </testcase>
    <testcase classname="argstostring" name="should stringify an object and concat args" time="0">
    </testcase>
    <testcase classname="argstostring" name="should stringify objects and concat mixed args" time="0">
    </testcase>
    <testcase classname="argstostring" name="replace the string variables" time="0">
    </testcase>
    <testcase classname="argstostring" name="replace the integer variables" time="0">
    </testcase>
    <testcase classname="argstostring" name="replace the float variables" time="0">
    </testcase>
    <testcase classname="argstostring" name="replace objects variable" time="0">
    </testcase>
    <testcase classname="argstostring" name="replace mixed variables" time="0">
    </testcase>
    <system-out/>
    <system-err/>
  </testsuite>
</testsuites>